ISim log file
Running: /home/mhiri/Documents/git_projects/projet_sys_info/TD_vhdl/TD1/counter_test_isim_par.exe -intstyle ise -gui -tclbatch isim.cmd -wdb /home/mhiri/Documents/git_projects/projet_sys_info/TD_vhdl/TD1/counter_test_isim_par.wdb 
ISim O.87xd (signature 0x8ddf5b5d)
----------------------------------------------------------------------
INFO:Security:50 - The XILINXD_LICENSE_FILE environment variable is set to '2100@srv-gei-ens1'.
INFO:Security:52 - The LM_LICENSE_FILE environment variable is set to '2100@srv-gei-ens1'.
WARNING:Security:43 - No license file was found in the standard Xilinx license directory.
WARNING:Security:44 - Since no license file was found,
       please run the Xilinx License Configuration Manager
       (xlcm or "Manage Xilinx Licenses")
       to assist in obtaining a license.
WARNING:Security:42 - Your software subscription period has lapsed. Your current version of Xilinx tools will continue to function, but you no longer qualify for Xilinx software updates or new releases.


----------------------------------------------------------------------
This is a Full version of ISim.
Time resolution is 1 ps
# onerror resume
# wave add /
# run 1000 ns
Simulator is doing circuit initialization process.
INFO: SDF backannotation was successful with SDF file netgen/par/compteur_timesim.sdf, for root module /counter_test/uut/.
Finished circuit initialization process.
# restart
# run 2.20us
Simulator is doing circuit initialization process.
INFO: SDF backannotation was successful with SDF file netgen/par/compteur_timesim.sdf, for root module /counter_test/uut/.
Finished circuit initialization process.
# run 2.20us
# restart
# run 2.20us
Simulator is doing circuit initialization process.
INFO: SDF backannotation was successful with SDF file netgen/par/compteur_timesim.sdf, for root module /counter_test/uut/.
Finished circuit initialization process.
# exit 0
